malloc:  create zone
0x109DF2018 OK !

free: not ours

free: not ours

free: not ours

malloc: 0x109DF2048 OK !

free: not ours

free: not ours

malloc: 0x109DF2078 OK !

free: not ours

free: not ours

free: not ours

malloc: 0x109DF20A8 OK !

malloc: 0x109DF20C8 OK !

malloc:  create zone
0x109DF4018 OK !

malloc: 0x109DF2108 OK !

malloc: 0x109DF40B0 OK !

malloc: 0x109DF2148 OK !

malloc: 0x109DF2188 OK !

malloc: 0x109DF40F8 OK !

malloc: 0x109DF4148 OK !

malloc: 0x109DF4190 OK !

malloc: 0x109DF41E8 OK !

malloc: 0x109DF4230 OK !

malloc: 0x109DF21A8 OK !

malloc: 0x109DF21C8 OK !

malloc: 0x109DF4278 OK !

free: not ours

malloc: 0x109DF2208 OK !

malloc: 0x109DF42F0 OK !

malloc: 0x109DF2228 OK !

realloc: 0x0malloc: 0x109DF4340 OK !

free: OK !

malloc: 0x109DF4340 OK !

malloc: 0x109DF2248 OK !

malloc: 0x109DF2268 OK !

malloc:  create zone
0x109E14018 OK !

malloc: 0x109DF22A0 OK !

malloc:  create zone
0x10B6A0018 OK !

realloc: 0x109DF2268 NEW MALLOC
malloc: 0x109DF4608 OK !

free: OK !

malloc:  create zone
0x10C9EE018 OK !

malloc:  create zone
0x10F221018 OK !

malloc:  create zone
0x10F8EA018 OK !

malloc: 0x109DF47F0 OK !

realloc: 0x109DF2248 NEW MALLOC
malloc: 0x109DF4AF0 OK !

free: OK !

malloc: 0x109DF4C80 OK !

malloc: 0x109DF4E70 OK !

malloc:  create zone
0x1119B2018 OK !

malloc:  create zone
0x1121BA018 OK !

malloc: 0x109DF5058 OK !

malloc: 0x109DF5270 OK !

malloc: 0x109DF55E0 OK !

malloc: 0x109DF5630 OK !

malloc: 0x109DF5830 OK !

malloc: 0x109DF5878 OK !

malloc: 0x109DF5B28 OK !

malloc: 0x109DF5ED8 OK !

malloc: 0x109DF6290 OK !

malloc: 0x109DF62D8 OK !

malloc: 0x109DF6328 OK !

malloc:  create zone
0x11251D018 OK !

malloc: 0x109DF6370 OK !

malloc: 0x109DF2268 OK !

malloc: 0x109DF6548 OK !

malloc: 0x109DF6598 OK !

malloc: 0x109DF65E8 OK !

malloc: 0x109DF6960 OK !

free: OK !

malloc: 0x109DF62D8 OK !

malloc: 0x109DF62F8 OK !

malloc:  create zone
0x114453018 OK !

