malloc:  create zone
0x101E56018 OK !

free: not ours

free: not ours

free: not ours

malloc: 0x101E56048 OK !

free: not ours

free: not ours

malloc: 0x101E56078 OK !

free: not ours

free: not ours

free: not ours

malloc: 0x101E560A8 OK !

malloc: 0x101E560C8 OK !

malloc:  create zone
0x101E58018 OK !

malloc: 0x101E56108 OK !

malloc: 0x101E580B0 OK !

malloc: 0x101E56148 OK !

malloc: 0x101E56188 OK !

malloc: 0x101E580F8 OK !

malloc: 0x101E58148 OK !

malloc: 0x101E58190 OK !

malloc: 0x101E581E8 OK !

malloc: 0x101E58230 OK !

malloc: 0x101E561A8 OK !

malloc: 0x101E561C8 OK !

malloc: 0x101E58278 OK !

free: not ours

malloc: 0x101E56208 OK !

malloc: 0x101E582F0 OK !

malloc: 0x101E56228 OK !

realloc: 0x0malloc: 0x101E58340 OK !

free: OK !

malloc: 0x101E58340 OK !

malloc: 0x101E56248 OK !

malloc: 